<?xml version="1.0" encoding="UTF-8"?>
<testsuite name="com.weatherforecast.WeatherforecastApplicationTests" tests="1" skipped="0" failures="0" errors="0" timestamp="2017-05-24T12:54:29" hostname="DESKTOP-681TEDR" time="0.027">
  <properties/>
  <testcase name="contextLoads" classname="com.weatherforecast.WeatherforecastApplicationTests" time="0.027"/>
  <system-out><![CDATA[15:54:25.956 [Test worker] DEBUG org.springframework.test.context.junit4.SpringJUnit4ClassRunner - SpringJUnit4ClassRunner constructor called with [class com.weatherforecast.WeatherforecastApplicationTests]
15:54:25.962 [Test worker] DEBUG org.springframework.test.context.BootstrapUtils - Instantiating CacheAwareContextLoaderDelegate from class [org.springframework.test.context.cache.DefaultCacheAwareContextLoaderDelegate]
15:54:25.979 [Test worker] DEBUG org.springframework.test.context.BootstrapUtils - Instantiating BootstrapContext using constructor [public org.springframework.test.context.support.DefaultBootstrapContext(java.lang.Class,org.springframework.test.context.CacheAwareContextLoaderDelegate)]
15:54:26.000 [Test worker] DEBUG org.springframework.test.context.BootstrapUtils - Instantiating TestContextBootstrapper for test class [com.weatherforecast.WeatherforecastApplicationTests] from class [org.springframework.boot.test.context.SpringBootTestContextBootstrapper]
15:54:26.013 [Test worker] INFO org.springframework.boot.test.context.SpringBootTestContextBootstrapper - Neither @ContextConfiguration nor @ContextHierarchy found for test class [com.weatherforecast.WeatherforecastApplicationTests], using SpringBootContextLoader
15:54:26.016 [Test worker] DEBUG org.springframework.test.context.support.AbstractContextLoader - Did not detect default resource location for test class [com.weatherforecast.WeatherforecastApplicationTests]: class path resource [com/weatherforecast/WeatherforecastApplicationTests-context.xml] does not exist
15:54:26.017 [Test worker] DEBUG org.springframework.test.context.support.AbstractContextLoader - Did not detect default resource location for test class [com.weatherforecast.WeatherforecastApplicationTests]: class path resource [com/weatherforecast/WeatherforecastApplicationTestsContext.groovy] does not exist
15:54:26.017 [Test worker] INFO org.springframework.test.context.support.AbstractContextLoader - Could not detect default resource locations for test class [com.weatherforecast.WeatherforecastApplicationTests]: no resource found for suffixes {-context.xml, Context.groovy}.
15:54:26.018 [Test worker] INFO org.springframework.test.context.support.AnnotationConfigContextLoaderUtils - Could not detect default configuration classes for test class [com.weatherforecast.WeatherforecastApplicationTests]: WeatherforecastApplicationTests does not declare any static, non-private, non-final, nested classes annotated with @Configuration.
15:54:26.050 [Test worker] DEBUG org.springframework.test.context.support.ActiveProfilesUtils - Could not find an 'annotation declaring class' for annotation type [org.springframework.test.context.ActiveProfiles] and class [com.weatherforecast.WeatherforecastApplicationTests]
15:54:26.059 [Test worker] DEBUG org.springframework.core.env.StandardEnvironment - Adding [systemProperties] PropertySource with lowest search precedence
15:54:26.059 [Test worker] DEBUG org.springframework.core.env.StandardEnvironment - Adding [systemEnvironment] PropertySource with lowest search precedence
15:54:26.059 [Test worker] DEBUG org.springframework.core.env.StandardEnvironment - Initialized StandardEnvironment with PropertySources [systemProperties,systemEnvironment]
15:54:26.068 [Test worker] DEBUG org.springframework.core.io.support.PathMatchingResourcePatternResolver - Resolved classpath location [com/weatherforecast/] to resources [URL [file:/C:/Users/Notebook/Desktop/WebApplicationsWithJava-master/weatherforecast/build/classes/test/com/weatherforecast/], URL [file:/C:/Users/Notebook/Desktop/WebApplicationsWithJava-master/weatherforecast/build/classes/main/com/weatherforecast/]]
15:54:26.068 [Test worker] DEBUG org.springframework.core.io.support.PathMatchingResourcePatternResolver - Looking for matching resources in directory tree [C:\Users\Notebook\Desktop\WebApplicationsWithJava-master\weatherforecast\build\classes\test\com\weatherforecast]
15:54:26.069 [Test worker] DEBUG org.springframework.core.io.support.PathMatchingResourcePatternResolver - Searching directory [C:\Users\Notebook\Desktop\WebApplicationsWithJava-master\weatherforecast\build\classes\test\com\weatherforecast] for files matching pattern [C:/Users/Notebook/Desktop/WebApplicationsWithJava-master/weatherforecast/build/classes/test/com/weatherforecast/*.class]
15:54:26.073 [Test worker] DEBUG org.springframework.core.io.support.PathMatchingResourcePatternResolver - Looking for matching resources in directory tree [C:\Users\Notebook\Desktop\WebApplicationsWithJava-master\weatherforecast\build\classes\main\com\weatherforecast]
15:54:26.073 [Test worker] DEBUG org.springframework.core.io.support.PathMatchingResourcePatternResolver - Searching directory [C:\Users\Notebook\Desktop\WebApplicationsWithJava-master\weatherforecast\build\classes\main\com\weatherforecast] for files matching pattern [C:/Users/Notebook/Desktop/WebApplicationsWithJava-master/weatherforecast/build/classes/main/com/weatherforecast/*.class]
15:54:26.075 [Test worker] DEBUG org.springframework.core.io.support.PathMatchingResourcePatternResolver - Resolved location pattern [classpath*:com/weatherforecast/*.class] to resources [file [C:\Users\Notebook\Desktop\WebApplicationsWithJava-master\weatherforecast\build\classes\test\com\weatherforecast\WeatherforecastApplicationTests.class], file [C:\Users\Notebook\Desktop\WebApplicationsWithJava-master\weatherforecast\build\classes\main\com\weatherforecast\WeatherforecastApplication.class]]
15:54:26.123 [Test worker] DEBUG org.springframework.context.annotation.ClassPathScanningCandidateComponentProvider - Identified candidate component class: file [C:\Users\Notebook\Desktop\WebApplicationsWithJava-master\weatherforecast\build\classes\main\com\weatherforecast\WeatherforecastApplication.class]
15:54:26.124 [Test worker] INFO org.springframework.boot.test.context.SpringBootTestContextBootstrapper - Found @SpringBootConfiguration com.weatherforecast.WeatherforecastApplication for test class com.weatherforecast.WeatherforecastApplicationTests
15:54:26.129 [Test worker] DEBUG org.springframework.boot.test.context.SpringBootTestContextBootstrapper - @TestExecutionListeners is not present for class [com.weatherforecast.WeatherforecastApplicationTests]: using defaults.
15:54:26.131 [Test worker] INFO org.springframework.boot.test.context.SpringBootTestContextBootstrapper - Loaded default TestExecutionListener class names from location [META-INF/spring.factories]: [org.springframework.boot.test.mock.mockito.MockitoTestExecutionListener, org.springframework.boot.test.mock.mockito.ResetMocksTestExecutionListener, org.springframework.boot.test.autoconfigure.restdocs.RestDocsTestExecutionListener, org.springframework.boot.test.autoconfigure.web.client.MockRestServiceServerResetTestExecutionListener, org.springframework.boot.test.autoconfigure.web.servlet.MockMvcPrintOnlyOnFailureTestExecutionListener, org.springframework.boot.test.autoconfigure.web.servlet.WebDriverTestExecutionListener, org.springframework.test.context.web.ServletTestExecutionListener, org.springframework.test.context.support.DirtiesContextBeforeModesTestExecutionListener, org.springframework.test.context.support.DependencyInjectionTestExecutionListener, org.springframework.test.context.support.DirtiesContextTestExecutionListener, org.springframework.test.context.transaction.TransactionalTestExecutionListener, org.springframework.test.context.jdbc.SqlScriptsTestExecutionListener]
15:54:26.141 [Test worker] INFO org.springframework.boot.test.context.SpringBootTestContextBootstrapper - Could not instantiate TestExecutionListener [org.springframework.test.context.jdbc.SqlScriptsTestExecutionListener]. Specify custom listener classes or make the default listener classes (and their required dependencies) available. Offending class: [org/springframework/transaction/interceptor/TransactionAttribute]
15:54:26.144 [Test worker] INFO org.springframework.boot.test.context.SpringBootTestContextBootstrapper - Could not instantiate TestExecutionListener [org.springframework.test.context.transaction.TransactionalTestExecutionListener]. Specify custom listener classes or make the default listener classes (and their required dependencies) available. Offending class: [org/springframework/transaction/interceptor/TransactionAttributeSource]
15:54:26.145 [Test worker] INFO org.springframework.boot.test.context.SpringBootTestContextBootstrapper - Using TestExecutionListeners: [org.springframework.test.context.web.ServletTestExecutionListener@16ae72b, org.springframework.test.context.support.DirtiesContextBeforeModesTestExecutionListener@15ccf3a, org.springframework.boot.test.autoconfigure.SpringBootDependencyInjectionTestExecutionListener@1b2ad12, org.springframework.test.context.support.DirtiesContextTestExecutionListener@17c7442, org.springframework.boot.test.mock.mockito.ResetMocksTestExecutionListener@1dd88b9, org.springframework.boot.test.mock.mockito.MockitoTestExecutionListener@85bca7, org.springframework.boot.test.autoconfigure.web.servlet.MockMvcPrintOnlyOnFailureTestExecutionListener@215a18, org.springframework.boot.test.autoconfigure.restdocs.RestDocsTestExecutionListener@9fee7a, org.springframework.boot.test.autoconfigure.web.servlet.WebDriverTestExecutionListener@19a34d0, org.springframework.boot.test.autoconfigure.web.client.MockRestServiceServerResetTestExecutionListener@dbc100]
15:54:26.147 [Test worker] DEBUG org.springframework.test.annotation.ProfileValueUtils - Retrieved @ProfileValueSourceConfiguration [null] for test class [com.weatherforecast.WeatherforecastApplicationTests]
15:54:26.148 [Test worker] DEBUG org.springframework.test.annotation.ProfileValueUtils - Retrieved ProfileValueSource type [class org.springframework.test.annotation.SystemProfileValueSource] for class [com.weatherforecast.WeatherforecastApplicationTests]
15:54:26.149 [Test worker] DEBUG org.springframework.test.annotation.ProfileValueUtils - Retrieved @ProfileValueSourceConfiguration [null] for test class [com.weatherforecast.WeatherforecastApplicationTests]
15:54:26.149 [Test worker] DEBUG org.springframework.test.annotation.ProfileValueUtils - Retrieved ProfileValueSource type [class org.springframework.test.annotation.SystemProfileValueSource] for class [com.weatherforecast.WeatherforecastApplicationTests]
15:54:26.154 [Test worker] DEBUG org.springframework.test.context.support.AbstractDirtiesContextTestExecutionListener - Before test class: context [DefaultTestContext@15e9de9 testClass = WeatherforecastApplicationTests, testInstance = [null], testMethod = [null], testException = [null], mergedContextConfiguration = [WebMergedContextConfiguration@b4ce4a testClass = WeatherforecastApplicationTests, locations = '{}', classes = '{class com.weatherforecast.WeatherforecastApplication}', contextInitializerClasses = '[]', activeProfiles = '{}', propertySourceLocations = '{}', propertySourceProperties = '{org.springframework.boot.test.context.SpringBootTestContextBootstrapper=true}', contextCustomizers = set[org.springframework.boot.test.context.SpringBootTestContextCustomizer@13d6f4e, org.springframework.boot.test.context.filter.ExcludeFilterContextCustomizer@1beb45f, org.springframework.boot.test.mock.mockito.MockitoContextCustomizer@0, org.springframework.boot.test.autoconfigure.properties.PropertyMappingContextCustomizer@0, org.springframework.boot.test.autoconfigure.web.servlet.WebDriverContextCustomizerFactory$Customizer@38614b], resourceBasePath = 'src/main/webapp', contextLoader = 'org.springframework.boot.test.context.SpringBootContextLoader', parent = [null]]], class annotated with @DirtiesContext [false] with mode [null].
15:54:26.154 [Test worker] DEBUG org.springframework.test.annotation.ProfileValueUtils - Retrieved @ProfileValueSourceConfiguration [null] for test class [com.weatherforecast.WeatherforecastApplicationTests]
15:54:26.154 [Test worker] DEBUG org.springframework.test.annotation.ProfileValueUtils - Retrieved ProfileValueSource type [class org.springframework.test.annotation.SystemProfileValueSource] for class [com.weatherforecast.WeatherforecastApplicationTests]
15:54:26.235 [Test worker] DEBUG org.springframework.core.env.StandardEnvironment - Adding [systemProperties] PropertySource with lowest search precedence
15:54:26.236 [Test worker] DEBUG org.springframework.core.env.StandardEnvironment - Adding [systemEnvironment] PropertySource with lowest search precedence
15:54:26.236 [Test worker] DEBUG org.springframework.core.env.StandardEnvironment - Initialized StandardEnvironment with PropertySources [systemProperties,systemEnvironment]
15:54:26.237 [Test worker] DEBUG org.springframework.core.env.MutablePropertySources - Adding [inline] PropertySource with highest search precedence
15:54:26.242 [Test worker] DEBUG org.springframework.test.context.support.TestPropertySourceUtils - Adding inlined properties to environment: {spring.jmx.enabled=false, org.springframework.boot.test.context.SpringBootTestContextBootstrapper=true, server.port=-1}
15:54:26.242 [Test worker] DEBUG org.springframework.core.env.StandardEnvironment - Adding [Inlined Test Properties] PropertySource with highest search precedence

  .   ____          _            __ _ _
 /\\ / ___'_ __ _ _(_)_ __  __ _ \ \ \ \
( ( )\___ | '_ | '_| | '_ \/ _` | \ \ \ \
 \\/  ___)| |_)| | | | | || (_| |  ) ) ) )
  '  |____| .__|_| |_|_| |_\__, | / / / /
 =========|_|==============|___/=/_/_/_/
 :: Spring Boot ::        (v1.5.3.RELEASE)

2017-05-24 15:54:26.545  INFO 7932 --- [    Test worker] c.w.WeatherforecastApplicationTests      : Starting WeatherforecastApplicationTests on DESKTOP-681TEDR with PID 7932 (started by Notebook in C:\Users\Notebook\Desktop\WebApplicationsWithJava-master\weatherforecast)
2017-05-24 15:54:26.546  INFO 7932 --- [    Test worker] c.w.WeatherforecastApplicationTests      : No active profile set, falling back to default profiles: default
2017-05-24 15:54:26.601  INFO 7932 --- [    Test worker] o.s.w.c.s.GenericWebApplicationContext   : Refreshing org.springframework.web.context.support.GenericWebApplicationContext@933731: startup date [Wed May 24 15:54:26 EEST 2017]; root of context hierarchy
2017-05-24 15:54:29.007  INFO 7932 --- [    Test worker] s.w.s.m.m.a.RequestMappingHandlerAdapter : Looking for @ControllerAdvice: org.springframework.web.context.support.GenericWebApplicationContext@933731: startup date [Wed May 24 15:54:26 EEST 2017]; root of context hierarchy
2017-05-24 15:54:29.081  INFO 7932 --- [    Test worker] s.w.s.m.m.a.RequestMappingHandlerMapping : Mapped "{[/api/forecast/{town}],methods=[GET]}" onto public java.lang.String com.weatherforecast.controllers.WeatherForecastController.Forecast(java.lang.String,javax.servlet.http.HttpServletRequest)
2017-05-24 15:54:29.084  INFO 7932 --- [    Test worker] s.w.s.m.m.a.RequestMappingHandlerMapping : Mapped "{[/error]}" onto public org.springframework.http.ResponseEntity<java.util.Map<java.lang.String, java.lang.Object>> org.springframework.boot.autoconfigure.web.BasicErrorController.error(javax.servlet.http.HttpServletRequest)
2017-05-24 15:54:29.084  INFO 7932 --- [    Test worker] s.w.s.m.m.a.RequestMappingHandlerMapping : Mapped "{[/error],produces=[text/html]}" onto public org.springframework.web.servlet.ModelAndView org.springframework.boot.autoconfigure.web.BasicErrorController.errorHtml(javax.servlet.http.HttpServletRequest,javax.servlet.http.HttpServletResponse)
2017-05-24 15:54:29.117  INFO 7932 --- [    Test worker] o.s.w.s.handler.SimpleUrlHandlerMapping  : Mapped URL path [/webjars/**] onto handler of type [class org.springframework.web.servlet.resource.ResourceHttpRequestHandler]
2017-05-24 15:54:29.117  INFO 7932 --- [    Test worker] o.s.w.s.handler.SimpleUrlHandlerMapping  : Mapped URL path [/**] onto handler of type [class org.springframework.web.servlet.resource.ResourceHttpRequestHandler]
2017-05-24 15:54:29.159  INFO 7932 --- [    Test worker] o.s.w.s.handler.SimpleUrlHandlerMapping  : Mapped URL path [/**/favicon.ico] onto handler of type [class org.springframework.web.servlet.resource.ResourceHttpRequestHandler]
2017-05-24 15:54:29.434  INFO 7932 --- [    Test worker] c.w.WeatherforecastApplicationTests      : Started WeatherforecastApplicationTests in 3.182 seconds (JVM running for 4.635)
]]></system-out>
  <system-err><![CDATA[]]></system-err>
</testsuite>
